<?xml version="1.0" encoding="UTF-8"?>
<!-- Generated by org.testng.reporters.JUnitReportReporter -->
<testsuite hostname="Man-Wonders" failures="0" tests="1" name="APITests" time="2.072" errors="0" timestamp="2024-06-28T12:32:26 GMT" skipped="0">
  <testcase classname="APITests" name="testGetUsers" time="2.072"/>
</testsuite> <!-- APITests -->
